<?xml version="1.0" encoding="UTF-8" ?>
<testsuite tests="4" failures="0" name="co.edu.usbcali.ws.rest.logic.CalculadoraLogicTest" time="0.006" errors="0" skipped="0">
  <properties>
[...]
</properties>
  <testcase classname="co.edu.usbcali.ws.rest.logic.CalculadoraLogicTest" name="restarTest" time="0.006"/>
  <testcase classname="co.edu.usbcali.ws.rest.logic.CalculadoraLogicTest" name="dividirTest" time="0"/>
  <testcase classname="co.edu.usbcali.ws.rest.logic.CalculadoraLogicTest" name="multiplicarTest" time="0"/>
  <testcase classname="co.edu.usbcali.ws.rest.logic.CalculadoraLogicTest" name="sumarTest" time="0"/>
</testsuite>